9664
6872
9498
4510
7383
8072
5856
1350
5314
1890
1147
9935
1500
3120
3982
9664
4441
1920
3613
3585
2794
4441
1147
2794
0
3613
6716
266
3120
5494
4510
6872
5875
3613
1500
9935
3585
9664
5886
4441
9498
4441
6410
4441
5856
5449
3613
266
1500
5449
9664
5856
2794
0
3613
4510
9664
7383
4510
3982
5449
1902
7383
4510
8072
2794
9935
2794
3120
7895
7383
5856
3120
9935
9935
0
5314
3613
3613
9935
9935
1500
7383
5314
5875
6096
5494
4510
5875
5875
3585
5449
3120
6096
3120
6872
4510
5494
0
266
5856
9935
3120
5449
2794
5314
3982
9664
6204
9664
1147
3120
6096
6096
9664
266
0
646
9935
3585
646
7383
3982
2794
5856
6716
646
4441
6872
3120
646
3613
2794
3982
2039
9935
3585
3120
5875
9935
