2650
2778
9417
6602
1582
4396
1905
4683
4283
6060
6412
7168
3790
2023
8691
8802
9305
169
6872
3581
4299
4205
2673
3778
7376
4355
5132
7305
1849
9308
5041
703
2908
8838
2684
2118
7036
679
6235
5790
4744
7710
8402
1026
5452
9777
4465
5345
3471
4021
7949
4379
1598
3831
9792
6728
8915
1378
3370
2928
2460
4521
1684
2678
2873
9332
1210
8533
3143
8236
1325
563
977
2235
7139
1873
56
228
71
3260
4175
5947
7976
1834
53
5600
1561
150
1784
2548
1005
9051
6948
4152
1862
9430
5157
7362
1959
6825
3662
4712
4177
537
1227
8086
4089
9194
1673
5098
1666
9210
6962
8649
7198
2045
4960
5469
3467
6284
3557
5209
3025
1286
9353
678
6207
3649
3557
8300
7529
9906
6337
6818
9837
1603
3866
6202
2103
4562
4233
7619
6564
5360
2286
7602
1360
5570
6863
102
1041
2262
7300
1387
3768
6522
8465
8188
9573
6434
5856
2026
4183
1814
4610
8913
5725
1828
8385
543
1182
576
7805
9430
8644
7942
6701
9115
3973
9151
8686
4550
7252
5880
7200
7653
2570
1974
308
2653
2883
9441
2517
5817
6135
3591
3754
1159
7186
4308
9112
2402
9013
6266
5304
9900
3125
7789
498
2641
4357
4784
7212
9837
9498
3327
8055
2278
6850
8047
9659
752
893
7617
4405
7340
284
2706
2909
7096
4421
2699
1537
8019
7928
2806
1380
9178
7004
6288
8405
6891
3317
1461
4264
4636
8989
3981
5397
5574
9929
1970
8083
1941
8233
9004
9860
9308
4749
963
1109
8134
216
8093
8351
3480
90
5178
9740
9378
5488
5867
2070
3555
8392
7593
756
926
743
8462
6618
3617
2543
1744
2166
9442
3125
2700
3607
3524
5241
3680
8520
9644
1315
960
3826
2249
6968
5595
608
5170
7932
330
8548
4943
1564
1742
1837
8450
3287
5856
2930
6318
3721
3644
9483
6685
3318
358
7
9078
7877
5964
7768
4567
6674
6330
6072
3568
8785
4204
6631
6779
7501
5050
290
6678
564
789
9121
4211
9002
4833
269
4457
2866
3980
5755
6368
1265
7710
5325
9279
8007
6727
7511
7284
1175
2654
6645
932
3454
7973
2918
4387
7954
2010
812
3950
1280
4580
6293
5524
6050
8341
8957
3168
8498
2086
2462
6014
2823
9735
1218
6482
4093
9127
5733
7118
5962
4380
4695
7787
1695
9502
5082
8527
9237
6821
1401
2818
7804
2082
7256
7540
1275
788
1979
4541
1126
3367
1273
5320
9557
7871
6706
9555
2116
2891
3715
4397
9256
7554
6584
911
8852
1812
6231
8614
8351
2047
1886
2756
540
6943
2912
6123
798
9119
7726
9773
8356
6833
925
4023
1175
5039
9782
35
3194
9825
8563
2174
4283
8471
5367
8003
2385
1968
4314
2103
6785
1653
7218
3051
3469
3475
5837
4557
1317
3379
1053
7050
4453
2879
6455
6732
6177
5012
673
2577
9370
4380
5037
9010
8427
1155
7936
4279
1872
2644
1532
9754
7145
5980
7000
4366
2018
4292
74
550
6797
9686
839
2724
1982
4962
589
7406
3176
1456
6174
8192
1815
6123
715
9561
4851
1405
207
6604
7891
2686
3836
9606
5401
2686
7623
5326
1003
2624
5923
5791
4784
6434
8153
6930
622
9976
6257
8745
5366
4266
9478
1025
1271
9665
7191
2123
3273
93
9268
4979
2231
3281
8874
837
3671
6724
6915
3703
8258
3367
9217
5435
2408
4034
272
9276
3236
8819
4892
5990
4854
8244
6420
3276
2606
8136
2702
3787
4464
7398
8215
1232
9137
5453
9700
8245
1052
8255
9431
6200
7851
4404
3580
8707
756
6783
1205
6939
4702
3481
6594
2525
941
5122
2788
3368
1977
5006
9442
6029
453
258
1161
802
6292
3956
8776
4075
1591
5178
3034
1201
3225
8318
6706
9814
2420
7640
3986
3721
4997
8767
5855
8320
8544
7389
4083
2065
6303
2800
8138
2554
1741
3004
9082
9880
8269
7527
6764
350
2255
8609
7609
6085
9881
2316
9906
4867
8700
28
4851
7676
6348
5843
6868
958
6574
554
3565
6107
2396
8673
7024
4213
5546
8899
4846
2706
806
8108
5570
1756
835
184
6642
5647
8158
4484
7830
9931
5236
9925
2386
8416
9300
9699
8688
52
3067
9961
2652
2448
8570
3143
4639
7850
8639
3201
1956
6917
5937
7463
5855
3724
2737
4752
742
1413
5067
4662
5326
36
462
3342
3728
5983
9992
134
8929
4531
5255
3098
9431
8656
2591
2025
8343
4725
4591
2747
3109
7515
6937
95
1393
6622
7415
9568
2747
880
5224
5611
2524
499
7322
7150
3347
8340
3167
531
3680
3310
9151
404
7924
6338
8320
252
8243
1273
8005
7127
67
9919
4594
4035
1629
5749
7949
1688
5344
8819
1889
4509
2384
161
8864
1477
5468
7959
9972
3192
739
678
164
3903
2382
7854
7440
6081
3066
1445
3060
64
140
4731
6991
2169
1143
8076
4194
2483
2381
5046
5189
695
4163
9826
8724
6709
2043
8577
381
4523
7421
7660
7863
8399
4240
8888
7638
5601
1164
4829
1494
4091
5159
2261
3602
5313
9868
8102
3807
4159
7406
6958
2871
3788
8685
4801
60
9819
9814
9837
9466
7270
5814
155
3934
3191
6911
7709
3369
9728
2145
4895
5667
850
2797
5662
9510
8442
9833
9707
1033
7562
9721
4847
3656
2764
8239
4421
7635
254
3410
1691
4142
1623
8491
4502
3593
6713
44
3615
8481
6572
7190
674
5622
9428
7915
6375
5420
3611
1311
3537
3345
804
9628
9695
7883
8799
8745
3295
10
1247
4754
3110
9659
933
6529
8459
3504
8126
4640
4295
1429
3477
572
878
4462
5248
3775
2941
3551
7
4205
5476
4874
1994
5374
1276
7141
768
3731
2791
115
1966
7853
8816
1398
781
672
8303
1533
6390
3467
64
6382
6763
2811
6858
3885
8796
9337
837
1821
5580
9998
1186
2013
3549
1788
9774
1470
3421
3335
3237
1836
8679
3097
6722
7889
5881
565
776
295
3655
5851
1009
4391
8806
7203
5679
5571
8269
6189
9252
6232
3917
2873
2588
4116
1289
1559
3137
3402
1283
8810
6182
8481
9446
2240
2615
679
4301
2533
2212
485
5356
9612
7071
6035
933
8038
397
6253
7050
4820
5680
2889
1443
31
1242
4296
7981
8887
1965
9813
9444
3113
3664
2461
2192
7745
5905
3005
66
962
5451
8687
5660
7227
1394
2539
7738
8617
7218
2024
2412
8786
8018
7009
3346
4982
4155
6072
438
4528
1790
75
8251
2492
7050
3369
941
2402
4432
8642
8307
9894
2106
8230
8977
6759
8375
4113
2766
1108
266
7967
3213
2477
965
5862
376
5768
428
9873
350
5488
3827
6675
8603
3799
9229
9256
6986
2431
4127
7002
608
48
3448
6244
8690
1392
2195
8859
9049
9086
8148
8509
8919
1132
7558
5740
9416
4714
2729
6403
2549
3946
8108
2535
7565
8604
1565
9832
9254
4742
277
1875
1431
3411
4983
6275
4020
1736
279
2352
287
1495
6067
5211
8022
8154
1983
6138
6090
8015
2035
6736
1472
8488
980
713
566
7470
4443
3494
6546
1786
6657
5746
8457
2373
8241
2942
3177
8594
8467
5138
6836
240
4309
9349
6500
1086
1708
4282
4972
1593
5097
129
2091
9836
3106
2572
7242
5681
4847
2702
4762
5672
3401
2820
9198
2419
688
2009
6530
4679
2206
2430
9360
1786
7341
7015
6340
551
4672
3942
4026
5287
2667
5875
